<?xml version="1.0" encoding="UTF-8"?>
<testng-results ignored="0" total="1" passed="1" failed="0" skipped="0">
  <reporter-output>
  </reporter-output>
  <suite started-at="2021-07-12T16:34:02 IST" name="First Maven Project" finished-at="2021-07-12T16:34:14 IST" duration-ms="12536">
    <groups>
    </groups>
    <test started-at="2021-07-12T16:34:02 IST" name="Regression" finished-at="2021-07-12T16:34:14 IST" duration-ms="12536">
      <class name="com.FirstMavenProject.testcases.TC1_Login">
        <test-method is-config="true" signature="setup(java.lang.String)[pri:0, instance:com.FirstMavenProject.testcases.TC1_Login@1613674b]" started-at="2021-07-12T16:34:02 IST" name="setup" finished-at="2021-07-12T16:34:08 IST" duration-ms="5949" status="PASS">
          <params>
            <param index="0">
              <value>
                <![CDATA[chrome]]>
              </value>
            </param>
          </params>
          <reporter-output>
          </reporter-output>
        </test-method> <!-- setup -->
        <test-method signature="testLogin()[pri:0, instance:com.FirstMavenProject.testcases.TC1_Login@1613674b]" started-at="2021-07-12T16:34:08 IST" name="testLogin" finished-at="2021-07-12T16:34:14 IST" duration-ms="6488" status="PASS">
          <reporter-output>
          </reporter-output>
        </test-method> <!-- testLogin -->
        <test-method is-config="true" signature="teardown()[pri:0, instance:com.FirstMavenProject.testcases.TC1_Login@1613674b]" started-at="2021-07-12T16:34:14 IST" name="teardown" finished-at="2021-07-12T16:34:14 IST" duration-ms="75" status="PASS">
          <reporter-output>
          </reporter-output>
        </test-method> <!-- teardown -->
      </class> <!-- com.FirstMavenProject.testcases.TC1_Login -->
    </test> <!-- Regression -->
  </suite> <!-- First Maven Project -->
</testng-results>
