<?xml version="1.0" encoding="UTF-8"?>
<testng-results ignored="0" total="1" passed="1" failed="0" skipped="0">
  <reporter-output>
  </reporter-output>
  <suite started-at="2021-07-11T19:01:04 IST" name="First Maven Project" finished-at="2021-07-11T19:01:17 IST" duration-ms="13774">
    <groups>
    </groups>
    <test started-at="2021-07-11T19:01:04 IST" name="Regression" finished-at="2021-07-11T19:01:17 IST" duration-ms="13774">
      <class name="com.FirstMavenProject.testcases.TC1_Login">
        <test-method is-config="true" signature="setup(java.lang.String)[pri:0, instance:com.FirstMavenProject.testcases.TC1_Login@21282ed8]" started-at="2021-07-11T19:01:04 IST" name="setup" finished-at="2021-07-11T19:01:10 IST" duration-ms="6617" status="PASS">
          <params>
            <param index="0">
              <value>
                <![CDATA[chrome]]>
              </value>
            </param>
          </params>
          <reporter-output>
          </reporter-output>
        </test-method> <!-- setup -->
        <test-method signature="testLogin()[pri:0, instance:com.FirstMavenProject.testcases.TC1_Login@21282ed8]" started-at="2021-07-11T19:01:10 IST" name="testLogin" finished-at="2021-07-11T19:01:17 IST" duration-ms="7031" status="PASS">
          <reporter-output>
          </reporter-output>
        </test-method> <!-- testLogin -->
        <test-method is-config="true" signature="teardown()[pri:0, instance:com.FirstMavenProject.testcases.TC1_Login@21282ed8]" started-at="2021-07-11T19:01:17 IST" name="teardown" finished-at="2021-07-11T19:01:17 IST" duration-ms="84" status="PASS">
          <reporter-output>
          </reporter-output>
        </test-method> <!-- teardown -->
      </class> <!-- com.FirstMavenProject.testcases.TC1_Login -->
    </test> <!-- Regression -->
  </suite> <!-- First Maven Project -->
</testng-results>
